<?xml version="1.0" encoding="UTF-8"?>
<testsuite xmlns:xsi="http://www.w3.org/2001/XMLSchema-instance" xsi:noNamespaceSchemaLocation="https://maven.apache.org/surefire/maven-surefire-plugin/xsd/surefire-test-report.xsd" name="com.dw.sms.SpringbootMybatisStudyApplicationTests" time="7.192" tests="1" errors="0" skipped="0" failures="0">
  <properties>
    <property name="sun.desktop" value="windows"/>
    <property name="awt.toolkit" value="sun.awt.windows.WToolkit"/>
    <property name="file.encoding.pkg" value="sun.io"/>
    <property name="java.specification.version" value="1.8"/>
    <property name="sun.cpu.isalist" value="amd64"/>
    <property name="sun.jnu.encoding" value="GBK"/>
    <property name="java.class.path" value="E:\study\springboot-mybatis-study\target\test-classes;E:\study\springboot-mybatis-study\target\classes;E:\ynht\repositoryNew\org\springframework\boot\spring-boot-starter-web\2.3.4.RELEASE\spring-boot-starter-web-2.3.4.RELEASE.jar;E:\ynht\repositoryNew\org\springframework\boot\spring-boot-starter\2.3.4.RELEASE\spring-boot-starter-2.3.4.RELEASE.jar;E:\ynht\repositoryNew\org\springframework\boot\spring-boot-starter-logging\2.3.4.RELEASE\spring-boot-starter-logging-2.3.4.RELEASE.jar;E:\ynht\repositoryNew\ch\qos\logback\logback-classic\1.2.3\logback-classic-1.2.3.jar;E:\ynht\repositoryNew\ch\qos\logback\logback-core\1.2.3\logback-core-1.2.3.jar;E:\ynht\repositoryNew\org\apache\logging\log4j\log4j-to-slf4j\2.13.3\log4j-to-slf4j-2.13.3.jar;E:\ynht\repositoryNew\org\apache\logging\log4j\log4j-api\2.13.3\log4j-api-2.13.3.jar;E:\ynht\repositoryNew\org\slf4j\jul-to-slf4j\1.7.30\jul-to-slf4j-1.7.30.jar;E:\ynht\repositoryNew\jakarta\annotation\jakarta.annotation-api\1.3.5\jakarta.annotation-api-1.3.5.jar;E:\ynht\repositoryNew\org\yaml\snakeyaml\1.26\snakeyaml-1.26.jar;E:\ynht\repositoryNew\org\springframework\boot\spring-boot-starter-json\2.3.4.RELEASE\spring-boot-starter-json-2.3.4.RELEASE.jar;E:\ynht\repositoryNew\com\fasterxml\jackson\core\jackson-databind\2.11.2\jackson-databind-2.11.2.jar;E:\ynht\repositoryNew\com\fasterxml\jackson\core\jackson-core\2.11.2\jackson-core-2.11.2.jar;E:\ynht\repositoryNew\com\fasterxml\jackson\datatype\jackson-datatype-jdk8\2.11.2\jackson-datatype-jdk8-2.11.2.jar;E:\ynht\repositoryNew\com\fasterxml\jackson\datatype\jackson-datatype-jsr310\2.11.2\jackson-datatype-jsr310-2.11.2.jar;E:\ynht\repositoryNew\com\fasterxml\jackson\module\jackson-module-parameter-names\2.11.2\jackson-module-parameter-names-2.11.2.jar;E:\ynht\repositoryNew\org\springframework\boot\spring-boot-starter-tomcat\2.3.4.RELEASE\spring-boot-starter-tomcat-2.3.4.RELEASE.jar;E:\ynht\repositoryNew\org\apache\tomcat\embed\tomcat-embed-core\9.0.38\tomcat-embed-core-9.0.38.jar;E:\ynht\repositoryNew\org\glassfish\jakarta.el\3.0.3\jakarta.el-3.0.3.jar;E:\ynht\repositoryNew\org\apache\tomcat\embed\tomcat-embed-websocket\9.0.38\tomcat-embed-websocket-9.0.38.jar;E:\ynht\repositoryNew\org\springframework\spring-web\5.2.9.RELEASE\spring-web-5.2.9.RELEASE.jar;E:\ynht\repositoryNew\org\springframework\spring-beans\5.2.9.RELEASE\spring-beans-5.2.9.RELEASE.jar;E:\ynht\repositoryNew\org\springframework\spring-webmvc\5.2.9.RELEASE\spring-webmvc-5.2.9.RELEASE.jar;E:\ynht\repositoryNew\org\springframework\spring-aop\5.2.9.RELEASE\spring-aop-5.2.9.RELEASE.jar;E:\ynht\repositoryNew\org\springframework\spring-context\5.2.9.RELEASE\spring-context-5.2.9.RELEASE.jar;E:\ynht\repositoryNew\org\springframework\spring-expression\5.2.9.RELEASE\spring-expression-5.2.9.RELEASE.jar;E:\ynht\repositoryNew\org\mybatis\spring\boot\mybatis-spring-boot-starter\2.1.3\mybatis-spring-boot-starter-2.1.3.jar;E:\ynht\repositoryNew\org\springframework\boot\spring-boot-starter-jdbc\2.3.4.RELEASE\spring-boot-starter-jdbc-2.3.4.RELEASE.jar;E:\ynht\repositoryNew\com\zaxxer\HikariCP\3.4.5\HikariCP-3.4.5.jar;E:\ynht\repositoryNew\org\springframework\spring-jdbc\5.2.9.RELEASE\spring-jdbc-5.2.9.RELEASE.jar;E:\ynht\repositoryNew\org\springframework\spring-tx\5.2.9.RELEASE\spring-tx-5.2.9.RELEASE.jar;E:\ynht\repositoryNew\org\mybatis\spring\boot\mybatis-spring-boot-autoconfigure\2.1.3\mybatis-spring-boot-autoconfigure-2.1.3.jar;E:\ynht\repositoryNew\org\mybatis\mybatis\3.5.5\mybatis-3.5.5.jar;E:\ynht\repositoryNew\org\mybatis\mybatis-spring\2.0.5\mybatis-spring-2.0.5.jar;E:\ynht\repositoryNew\mysql\mysql-connector-java\8.0.21\mysql-connector-java-8.0.21.jar;E:\ynht\repositoryNew\org\projectlombok\lombok\1.18.12\lombok-1.18.12.jar;E:\ynht\repositoryNew\org\springframework\boot\spring-boot-devtools\2.3.4.RELEASE\spring-boot-devtools-2.3.4.RELEASE.jar;E:\ynht\repositoryNew\org\springframework\boot\spring-boot\2.3.4.RELEASE\spring-boot-2.3.4.RELEASE.jar;E:\ynht\repositoryNew\org\springframework\boot\spring-boot-autoconfigure\2.3.4.RELEASE\spring-boot-autoconfigure-2.3.4.RELEASE.jar;E:\ynht\repositoryNew\com\alibaba\fastjson\1.2.71\fastjson-1.2.71.jar;E:\ynht\repositoryNew\com\github\pagehelper\pagehelper-spring-boot-starter\1.2.3\pagehelper-spring-boot-starter-1.2.3.jar;E:\ynht\repositoryNew\com\github\pagehelper\pagehelper-spring-boot-autoconfigure\1.2.3\pagehelper-spring-boot-autoconfigure-1.2.3.jar;E:\ynht\repositoryNew\com\github\pagehelper\pagehelper\5.1.2\pagehelper-5.1.2.jar;E:\ynht\repositoryNew\com\github\jsqlparser\jsqlparser\1.0\jsqlparser-1.0.jar;E:\ynht\repositoryNew\io\springfox\springfox-swagger2\2.9.2\springfox-swagger2-2.9.2.jar;E:\ynht\repositoryNew\io\swagger\swagger-annotations\1.5.20\swagger-annotations-1.5.20.jar;E:\ynht\repositoryNew\io\swagger\swagger-models\1.5.20\swagger-models-1.5.20.jar;E:\ynht\repositoryNew\com\fasterxml\jackson\core\jackson-annotations\2.11.2\jackson-annotations-2.11.2.jar;E:\ynht\repositoryNew\io\springfox\springfox-spi\2.9.2\springfox-spi-2.9.2.jar;E:\ynht\repositoryNew\io\springfox\springfox-core\2.9.2\springfox-core-2.9.2.jar;E:\ynht\repositoryNew\io\springfox\springfox-schema\2.9.2\springfox-schema-2.9.2.jar;E:\ynht\repositoryNew\io\springfox\springfox-swagger-common\2.9.2\springfox-swagger-common-2.9.2.jar;E:\ynht\repositoryNew\io\springfox\springfox-spring-web\2.9.2\springfox-spring-web-2.9.2.jar;E:\ynht\repositoryNew\com\google\guava\guava\20.0\guava-20.0.jar;E:\ynht\repositoryNew\com\fasterxml\classmate\1.5.1\classmate-1.5.1.jar;E:\ynht\repositoryNew\org\slf4j\slf4j-api\1.7.30\slf4j-api-1.7.30.jar;E:\ynht\repositoryNew\org\springframework\plugin\spring-plugin-core\1.2.0.RELEASE\spring-plugin-core-1.2.0.RELEASE.jar;E:\ynht\repositoryNew\org\springframework\plugin\spring-plugin-metadata\1.2.0.RELEASE\spring-plugin-metadata-1.2.0.RELEASE.jar;E:\ynht\repositoryNew\org\mapstruct\mapstruct\1.2.0.Final\mapstruct-1.2.0.Final.jar;E:\ynht\repositoryNew\io\springfox\springfox-swagger-ui\2.9.2\springfox-swagger-ui-2.9.2.jar;E:\ynht\repositoryNew\org\springframework\boot\spring-boot-starter-test\2.3.4.RELEASE\spring-boot-starter-test-2.3.4.RELEASE.jar;E:\ynht\repositoryNew\org\springframework\boot\spring-boot-test\2.3.4.RELEASE\spring-boot-test-2.3.4.RELEASE.jar;E:\ynht\repositoryNew\org\springframework\boot\spring-boot-test-autoconfigure\2.3.4.RELEASE\spring-boot-test-autoconfigure-2.3.4.RELEASE.jar;E:\ynht\repositoryNew\com\jayway\jsonpath\json-path\2.4.0\json-path-2.4.0.jar;E:\ynht\repositoryNew\net\minidev\json-smart\2.3\json-smart-2.3.jar;E:\ynht\repositoryNew\net\minidev\accessors-smart\1.2\accessors-smart-1.2.jar;E:\ynht\repositoryNew\org\ow2\asm\asm\5.0.4\asm-5.0.4.jar;E:\ynht\repositoryNew\jakarta\xml\bind\jakarta.xml.bind-api\2.3.3\jakarta.xml.bind-api-2.3.3.jar;E:\ynht\repositoryNew\jakarta\activation\jakarta.activation-api\1.2.2\jakarta.activation-api-1.2.2.jar;E:\ynht\repositoryNew\org\assertj\assertj-core\3.16.1\assertj-core-3.16.1.jar;E:\ynht\repositoryNew\org\hamcrest\hamcrest\2.2\hamcrest-2.2.jar;E:\ynht\repositoryNew\org\junit\jupiter\junit-jupiter\5.6.2\junit-jupiter-5.6.2.jar;E:\ynht\repositoryNew\org\junit\jupiter\junit-jupiter-api\5.6.2\junit-jupiter-api-5.6.2.jar;E:\ynht\repositoryNew\org\apiguardian\apiguardian-api\1.1.0\apiguardian-api-1.1.0.jar;E:\ynht\repositoryNew\org\opentest4j\opentest4j\1.2.0\opentest4j-1.2.0.jar;E:\ynht\repositoryNew\org\junit\platform\junit-platform-commons\1.6.2\junit-platform-commons-1.6.2.jar;E:\ynht\repositoryNew\org\junit\jupiter\junit-jupiter-params\5.6.2\junit-jupiter-params-5.6.2.jar;E:\ynht\repositoryNew\org\junit\jupiter\junit-jupiter-engine\5.6.2\junit-jupiter-engine-5.6.2.jar;E:\ynht\repositoryNew\org\junit\platform\junit-platform-engine\1.6.2\junit-platform-engine-1.6.2.jar;E:\ynht\repositoryNew\org\mockito\mockito-core\3.3.3\mockito-core-3.3.3.jar;E:\ynht\repositoryNew\net\bytebuddy\byte-buddy\1.10.14\byte-buddy-1.10.14.jar;E:\ynht\repositoryNew\net\bytebuddy\byte-buddy-agent\1.10.14\byte-buddy-agent-1.10.14.jar;E:\ynht\repositoryNew\org\objenesis\objenesis\2.6\objenesis-2.6.jar;E:\ynht\repositoryNew\org\mockito\mockito-junit-jupiter\3.3.3\mockito-junit-jupiter-3.3.3.jar;E:\ynht\repositoryNew\org\skyscreamer\jsonassert\1.5.0\jsonassert-1.5.0.jar;E:\ynht\repositoryNew\com\vaadin\external\google\android-json\0.0.20131108.vaadin1\android-json-0.0.20131108.vaadin1.jar;E:\ynht\repositoryNew\org\springframework\spring-core\5.2.9.RELEASE\spring-core-5.2.9.RELEASE.jar;E:\ynht\repositoryNew\org\springframework\spring-jcl\5.2.9.RELEASE\spring-jcl-5.2.9.RELEASE.jar;E:\ynht\repositoryNew\org\springframework\spring-test\5.2.9.RELEASE\spring-test-5.2.9.RELEASE.jar;E:\ynht\repositoryNew\org\xmlunit\xmlunit-core\2.7.0\xmlunit-core-2.7.0.jar;"/>
    <property name="java.vm.vendor" value="Oracle Corporation"/>
    <property name="sun.arch.data.model" value="64"/>
    <property name="user.variant" value=""/>
    <property name="java.vendor.url" value="http://java.oracle.com/"/>
    <property name="user.timezone" value="Asia/Shanghai"/>
    <property name="java.vm.specification.version" value="1.8"/>
    <property name="os.name" value="Windows 10"/>
    <property name="user.country" value="CN"/>
    <property name="sun.java.launcher" value="SUN_STANDARD"/>
    <property name="sun.boot.library.path" value="D:\install\Java\jdk1.8.0_121\jre\bin"/>
    <property name="sun.java.command" value="C:\Users\ADMINI~1\AppData\Local\Temp\surefire4326660310106258394\surefirebooter4002725409371386751.jar C:\Users\Administrator\AppData\Local\Temp\surefire4326660310106258394 2020-09-23T17-36-52_373-jvmRun1 surefire7324480031941269553tmp surefire_06851952857466643387tmp"/>
    <property name="surefire.test.class.path" value="E:\study\springboot-mybatis-study\target\test-classes;E:\study\springboot-mybatis-study\target\classes;E:\ynht\repositoryNew\org\springframework\boot\spring-boot-starter-web\2.3.4.RELEASE\spring-boot-starter-web-2.3.4.RELEASE.jar;E:\ynht\repositoryNew\org\springframework\boot\spring-boot-starter\2.3.4.RELEASE\spring-boot-starter-2.3.4.RELEASE.jar;E:\ynht\repositoryNew\org\springframework\boot\spring-boot-starter-logging\2.3.4.RELEASE\spring-boot-starter-logging-2.3.4.RELEASE.jar;E:\ynht\repositoryNew\ch\qos\logback\logback-classic\1.2.3\logback-classic-1.2.3.jar;E:\ynht\repositoryNew\ch\qos\logback\logback-core\1.2.3\logback-core-1.2.3.jar;E:\ynht\repositoryNew\org\apache\logging\log4j\log4j-to-slf4j\2.13.3\log4j-to-slf4j-2.13.3.jar;E:\ynht\repositoryNew\org\apache\logging\log4j\log4j-api\2.13.3\log4j-api-2.13.3.jar;E:\ynht\repositoryNew\org\slf4j\jul-to-slf4j\1.7.30\jul-to-slf4j-1.7.30.jar;E:\ynht\repositoryNew\jakarta\annotation\jakarta.annotation-api\1.3.5\jakarta.annotation-api-1.3.5.jar;E:\ynht\repositoryNew\org\yaml\snakeyaml\1.26\snakeyaml-1.26.jar;E:\ynht\repositoryNew\org\springframework\boot\spring-boot-starter-json\2.3.4.RELEASE\spring-boot-starter-json-2.3.4.RELEASE.jar;E:\ynht\repositoryNew\com\fasterxml\jackson\core\jackson-databind\2.11.2\jackson-databind-2.11.2.jar;E:\ynht\repositoryNew\com\fasterxml\jackson\core\jackson-core\2.11.2\jackson-core-2.11.2.jar;E:\ynht\repositoryNew\com\fasterxml\jackson\datatype\jackson-datatype-jdk8\2.11.2\jackson-datatype-jdk8-2.11.2.jar;E:\ynht\repositoryNew\com\fasterxml\jackson\datatype\jackson-datatype-jsr310\2.11.2\jackson-datatype-jsr310-2.11.2.jar;E:\ynht\repositoryNew\com\fasterxml\jackson\module\jackson-module-parameter-names\2.11.2\jackson-module-parameter-names-2.11.2.jar;E:\ynht\repositoryNew\org\springframework\boot\spring-boot-starter-tomcat\2.3.4.RELEASE\spring-boot-starter-tomcat-2.3.4.RELEASE.jar;E:\ynht\repositoryNew\org\apache\tomcat\embed\tomcat-embed-core\9.0.38\tomcat-embed-core-9.0.38.jar;E:\ynht\repositoryNew\org\glassfish\jakarta.el\3.0.3\jakarta.el-3.0.3.jar;E:\ynht\repositoryNew\org\apache\tomcat\embed\tomcat-embed-websocket\9.0.38\tomcat-embed-websocket-9.0.38.jar;E:\ynht\repositoryNew\org\springframework\spring-web\5.2.9.RELEASE\spring-web-5.2.9.RELEASE.jar;E:\ynht\repositoryNew\org\springframework\spring-beans\5.2.9.RELEASE\spring-beans-5.2.9.RELEASE.jar;E:\ynht\repositoryNew\org\springframework\spring-webmvc\5.2.9.RELEASE\spring-webmvc-5.2.9.RELEASE.jar;E:\ynht\repositoryNew\org\springframework\spring-aop\5.2.9.RELEASE\spring-aop-5.2.9.RELEASE.jar;E:\ynht\repositoryNew\org\springframework\spring-context\5.2.9.RELEASE\spring-context-5.2.9.RELEASE.jar;E:\ynht\repositoryNew\org\springframework\spring-expression\5.2.9.RELEASE\spring-expression-5.2.9.RELEASE.jar;E:\ynht\repositoryNew\org\mybatis\spring\boot\mybatis-spring-boot-starter\2.1.3\mybatis-spring-boot-starter-2.1.3.jar;E:\ynht\repositoryNew\org\springframework\boot\spring-boot-starter-jdbc\2.3.4.RELEASE\spring-boot-starter-jdbc-2.3.4.RELEASE.jar;E:\ynht\repositoryNew\com\zaxxer\HikariCP\3.4.5\HikariCP-3.4.5.jar;E:\ynht\repositoryNew\org\springframework\spring-jdbc\5.2.9.RELEASE\spring-jdbc-5.2.9.RELEASE.jar;E:\ynht\repositoryNew\org\springframework\spring-tx\5.2.9.RELEASE\spring-tx-5.2.9.RELEASE.jar;E:\ynht\repositoryNew\org\mybatis\spring\boot\mybatis-spring-boot-autoconfigure\2.1.3\mybatis-spring-boot-autoconfigure-2.1.3.jar;E:\ynht\repositoryNew\org\mybatis\mybatis\3.5.5\mybatis-3.5.5.jar;E:\ynht\repositoryNew\org\mybatis\mybatis-spring\2.0.5\mybatis-spring-2.0.5.jar;E:\ynht\repositoryNew\mysql\mysql-connector-java\8.0.21\mysql-connector-java-8.0.21.jar;E:\ynht\repositoryNew\org\projectlombok\lombok\1.18.12\lombok-1.18.12.jar;E:\ynht\repositoryNew\org\springframework\boot\spring-boot-devtools\2.3.4.RELEASE\spring-boot-devtools-2.3.4.RELEASE.jar;E:\ynht\repositoryNew\org\springframework\boot\spring-boot\2.3.4.RELEASE\spring-boot-2.3.4.RELEASE.jar;E:\ynht\repositoryNew\org\springframework\boot\spring-boot-autoconfigure\2.3.4.RELEASE\spring-boot-autoconfigure-2.3.4.RELEASE.jar;E:\ynht\repositoryNew\com\alibaba\fastjson\1.2.71\fastjson-1.2.71.jar;E:\ynht\repositoryNew\com\github\pagehelper\pagehelper-spring-boot-starter\1.2.3\pagehelper-spring-boot-starter-1.2.3.jar;E:\ynht\repositoryNew\com\github\pagehelper\pagehelper-spring-boot-autoconfigure\1.2.3\pagehelper-spring-boot-autoconfigure-1.2.3.jar;E:\ynht\repositoryNew\com\github\pagehelper\pagehelper\5.1.2\pagehelper-5.1.2.jar;E:\ynht\repositoryNew\com\github\jsqlparser\jsqlparser\1.0\jsqlparser-1.0.jar;E:\ynht\repositoryNew\io\springfox\springfox-swagger2\2.9.2\springfox-swagger2-2.9.2.jar;E:\ynht\repositoryNew\io\swagger\swagger-annotations\1.5.20\swagger-annotations-1.5.20.jar;E:\ynht\repositoryNew\io\swagger\swagger-models\1.5.20\swagger-models-1.5.20.jar;E:\ynht\repositoryNew\com\fasterxml\jackson\core\jackson-annotations\2.11.2\jackson-annotations-2.11.2.jar;E:\ynht\repositoryNew\io\springfox\springfox-spi\2.9.2\springfox-spi-2.9.2.jar;E:\ynht\repositoryNew\io\springfox\springfox-core\2.9.2\springfox-core-2.9.2.jar;E:\ynht\repositoryNew\io\springfox\springfox-schema\2.9.2\springfox-schema-2.9.2.jar;E:\ynht\repositoryNew\io\springfox\springfox-swagger-common\2.9.2\springfox-swagger-common-2.9.2.jar;E:\ynht\repositoryNew\io\springfox\springfox-spring-web\2.9.2\springfox-spring-web-2.9.2.jar;E:\ynht\repositoryNew\com\google\guava\guava\20.0\guava-20.0.jar;E:\ynht\repositoryNew\com\fasterxml\classmate\1.5.1\classmate-1.5.1.jar;E:\ynht\repositoryNew\org\slf4j\slf4j-api\1.7.30\slf4j-api-1.7.30.jar;E:\ynht\repositoryNew\org\springframework\plugin\spring-plugin-core\1.2.0.RELEASE\spring-plugin-core-1.2.0.RELEASE.jar;E:\ynht\repositoryNew\org\springframework\plugin\spring-plugin-metadata\1.2.0.RELEASE\spring-plugin-metadata-1.2.0.RELEASE.jar;E:\ynht\repositoryNew\org\mapstruct\mapstruct\1.2.0.Final\mapstruct-1.2.0.Final.jar;E:\ynht\repositoryNew\io\springfox\springfox-swagger-ui\2.9.2\springfox-swagger-ui-2.9.2.jar;E:\ynht\repositoryNew\org\springframework\boot\spring-boot-starter-test\2.3.4.RELEASE\spring-boot-starter-test-2.3.4.RELEASE.jar;E:\ynht\repositoryNew\org\springframework\boot\spring-boot-test\2.3.4.RELEASE\spring-boot-test-2.3.4.RELEASE.jar;E:\ynht\repositoryNew\org\springframework\boot\spring-boot-test-autoconfigure\2.3.4.RELEASE\spring-boot-test-autoconfigure-2.3.4.RELEASE.jar;E:\ynht\repositoryNew\com\jayway\jsonpath\json-path\2.4.0\json-path-2.4.0.jar;E:\ynht\repositoryNew\net\minidev\json-smart\2.3\json-smart-2.3.jar;E:\ynht\repositoryNew\net\minidev\accessors-smart\1.2\accessors-smart-1.2.jar;E:\ynht\repositoryNew\org\ow2\asm\asm\5.0.4\asm-5.0.4.jar;E:\ynht\repositoryNew\jakarta\xml\bind\jakarta.xml.bind-api\2.3.3\jakarta.xml.bind-api-2.3.3.jar;E:\ynht\repositoryNew\jakarta\activation\jakarta.activation-api\1.2.2\jakarta.activation-api-1.2.2.jar;E:\ynht\repositoryNew\org\assertj\assertj-core\3.16.1\assertj-core-3.16.1.jar;E:\ynht\repositoryNew\org\hamcrest\hamcrest\2.2\hamcrest-2.2.jar;E:\ynht\repositoryNew\org\junit\jupiter\junit-jupiter\5.6.2\junit-jupiter-5.6.2.jar;E:\ynht\repositoryNew\org\junit\jupiter\junit-jupiter-api\5.6.2\junit-jupiter-api-5.6.2.jar;E:\ynht\repositoryNew\org\apiguardian\apiguardian-api\1.1.0\apiguardian-api-1.1.0.jar;E:\ynht\repositoryNew\org\opentest4j\opentest4j\1.2.0\opentest4j-1.2.0.jar;E:\ynht\repositoryNew\org\junit\platform\junit-platform-commons\1.6.2\junit-platform-commons-1.6.2.jar;E:\ynht\repositoryNew\org\junit\jupiter\junit-jupiter-params\5.6.2\junit-jupiter-params-5.6.2.jar;E:\ynht\repositoryNew\org\junit\jupiter\junit-jupiter-engine\5.6.2\junit-jupiter-engine-5.6.2.jar;E:\ynht\repositoryNew\org\junit\platform\junit-platform-engine\1.6.2\junit-platform-engine-1.6.2.jar;E:\ynht\repositoryNew\org\mockito\mockito-core\3.3.3\mockito-core-3.3.3.jar;E:\ynht\repositoryNew\net\bytebuddy\byte-buddy\1.10.14\byte-buddy-1.10.14.jar;E:\ynht\repositoryNew\net\bytebuddy\byte-buddy-agent\1.10.14\byte-buddy-agent-1.10.14.jar;E:\ynht\repositoryNew\org\objenesis\objenesis\2.6\objenesis-2.6.jar;E:\ynht\repositoryNew\org\mockito\mockito-junit-jupiter\3.3.3\mockito-junit-jupiter-3.3.3.jar;E:\ynht\repositoryNew\org\skyscreamer\jsonassert\1.5.0\jsonassert-1.5.0.jar;E:\ynht\repositoryNew\com\vaadin\external\google\android-json\0.0.20131108.vaadin1\android-json-0.0.20131108.vaadin1.jar;E:\ynht\repositoryNew\org\springframework\spring-core\5.2.9.RELEASE\spring-core-5.2.9.RELEASE.jar;E:\ynht\repositoryNew\org\springframework\spring-jcl\5.2.9.RELEASE\spring-jcl-5.2.9.RELEASE.jar;E:\ynht\repositoryNew\org\springframework\spring-test\5.2.9.RELEASE\spring-test-5.2.9.RELEASE.jar;E:\ynht\repositoryNew\org\xmlunit\xmlunit-core\2.7.0\xmlunit-core-2.7.0.jar;"/>
    <property name="sun.cpu.endian" value="little"/>
    <property name="user.home" value="C:\Users\Administrator"/>
    <property name="user.language" value="zh"/>
    <property name="java.specification.vendor" value="Oracle Corporation"/>
    <property name="java.home" value="D:\install\Java\jdk1.8.0_121\jre"/>
    <property name="basedir" value="E:\study\springboot-mybatis-study"/>
    <property name="file.separator" value="\"/>
    <property name="line.separator" value="&#10;"/>
    <property name="java.vm.specification.vendor" value="Oracle Corporation"/>
    <property name="java.specification.name" value="Java Platform API Specification"/>
    <property name="java.awt.graphicsenv" value="sun.awt.Win32GraphicsEnvironment"/>
    <property name="surefire.real.class.path" value="C:\Users\ADMINI~1\AppData\Local\Temp\surefire4326660310106258394\surefirebooter4002725409371386751.jar"/>
    <property name="sun.boot.class.path" value="D:\install\Java\jdk1.8.0_121\jre\lib\resources.jar;D:\install\Java\jdk1.8.0_121\jre\lib\rt.jar;D:\install\Java\jdk1.8.0_121\jre\lib\sunrsasign.jar;D:\install\Java\jdk1.8.0_121\jre\lib\jsse.jar;D:\install\Java\jdk1.8.0_121\jre\lib\jce.jar;D:\install\Java\jdk1.8.0_121\jre\lib\charsets.jar;D:\install\Java\jdk1.8.0_121\jre\lib\jfr.jar;D:\install\Java\jdk1.8.0_121\jre\classes"/>
    <property name="user.script" value=""/>
    <property name="sun.management.compiler" value="HotSpot 64-Bit Tiered Compilers"/>
    <property name="java.runtime.version" value="1.8.0_121-b13"/>
    <property name="user.name" value="Administrator"/>
    <property name="path.separator" value=";"/>
    <property name="os.version" value="10.0"/>
    <property name="java.endorsed.dirs" value="D:\install\Java\jdk1.8.0_121\jre\lib\endorsed"/>
    <property name="java.runtime.name" value="Java(TM) SE Runtime Environment"/>
    <property name="file.encoding" value="GBK"/>
    <property name="java.vm.name" value="Java HotSpot(TM) 64-Bit Server VM"/>
    <property name="idea.version2020.1" value="true"/>
    <property name="localRepository" value="E:\ynht\repositoryNew"/>
    <property name="java.vendor.url.bug" value="http://bugreport.sun.com/bugreport/"/>
    <property name="java.io.tmpdir" value="C:\Users\ADMINI~1\AppData\Local\Temp\"/>
    <property name="java.version" value="1.8.0_121"/>
    <property name="user.dir" value="E:\study\springboot-mybatis-study"/>
    <property name="os.arch" value="amd64"/>
    <property name="java.vm.specification.name" value="Java Virtual Machine Specification"/>
    <property name="java.awt.printerjob" value="sun.awt.windows.WPrinterJob"/>
    <property name="sun.os.patch.level" value=""/>
    <property name="java.library.path" value="D:\install\Java\jdk1.8.0_121\jre\bin;C:\Windows\Sun\Java\bin;C:\Windows\system32;C:\Windows;C:\Windows\system32;C:\Windows;C:\Windows\System32\Wbem;C:\Windows\System32\WindowsPowerShell\v1.0\;C:\Windows\System32\OpenSSH\;C:\Program Files (x86)\NVIDIA Corporation\PhysX\Common;D:\install\Java\jdk1.8.0_121\bin;D:\install\Java\jdk1.8.0_121\jre\bin;D:\install\Microsoft VS Code\bin;D:\install\Git\cmd;D:\install\TortoiseGit\bin;D:\install\TortoiseSVN\bin;D:\file\flutter_windows_v1.12.13+hotfix.9-stable\flutter\bin;D:\file\Sdk\platform-tools;D:\install\nodejs\;D:\install\nodejs\node_global;C:\Users\Administrator\AppData\Local\Microsoft\WindowsApps;;D:\install\IntelliJ IDEA 2020.1\bin;;C:\Users\Administrator\AppData\Roaming\npm;D:\install\DataGrip 2019.3.2\bin;;C:\Program Files\Bandizip\;."/>
    <property name="java.vm.info" value="mixed mode"/>
    <property name="java.vendor" value="Oracle Corporation"/>
    <property name="java.vm.version" value="25.121-b13"/>
    <property name="java.ext.dirs" value="D:\install\Java\jdk1.8.0_121\jre\lib\ext;C:\Windows\Sun\Java\lib\ext"/>
    <property name="sun.io.unicode.encoding" value="UnicodeLittle"/>
    <property name="java.class.version" value="52.0"/>
  </properties>
  <testcase name="contextLoads" classname="com.dw.sms.SpringbootMybatisStudyApplicationTests" time="0.486"/>
</testsuite>